0 info it worked if it ends with ok
1 verbose cli [ '/usr/bin/node', '/usr/bin/npm', 'rebuild', 'node-sass' ]
2 info using npm@2.7.4
3 info using node@v0.12.2
4 verbose node symlink /usr/bin/node
5 info readInstalled object
6 verbose rebuild path, id [ '/home/vagrant/Code/task/node_modules/laravel-elixir/node_modules/gulp-sass/node_modules/node-sass',
6 verbose rebuild   'node-sass@3.3.3' ]
7 silly rebuild set [ '/home/vagrant/Code/task/node_modules/laravel-elixir/node_modules/gulp-sass/node_modules/node-sass' ]
8 info build /home/vagrant/Code/task/node_modules/laravel-elixir/node_modules/gulp-sass/node_modules/node-sass
9 info preinstall node-sass@3.3.3
10 verbose linkStuff [ false,
10 verbose linkStuff   false,
10 verbose linkStuff   false,
10 verbose linkStuff   '/home/vagrant/Code/task/node_modules/laravel-elixir/node_modules/gulp-sass/node_modules' ]
11 info linkStuff node-sass@3.3.3
12 verbose linkBins node-sass@3.3.3
13 verbose link bins [ { 'node-sass': 'bin/node-sass' },
13 verbose link bins   '/home/vagrant/Code/task/node_modules/laravel-elixir/node_modules/gulp-sass/node_modules/.bin',
13 verbose link bins   false ]
14 verbose linkMans node-sass@3.3.3
15 verbose rebuildBundles node-sass@3.3.3
16 verbose rebuildBundles [ '.bin',
16 verbose rebuildBundles   'async-foreach',
16 verbose rebuildBundles   'chalk',
16 verbose rebuildBundles   'cross-spawn',
16 verbose rebuildBundles   'gaze',
16 verbose rebuildBundles   'get-stdin',
16 verbose rebuildBundles   'meow',
16 verbose rebuildBundles   'mkdirp',
16 verbose rebuildBundles   'nan',
16 verbose rebuildBundles   'node-gyp',
16 verbose rebuildBundles   'npmconf',
16 verbose rebuildBundles   'request',
16 verbose rebuildBundles   'sass-graph' ]
17 silly gentlyRm /home/vagrant/Code/task/node_modules/laravel-elixir/node_modules/gulp-sass/node_modules/.bin/node-sass is being purged
18 verbose gentlyRm don't care about contents; nuking /home/vagrant/Code/task/node_modules/laravel-elixir/node_modules/gulp-sass/node_modules/.bin/node-sass
19 silly vacuum-fs purging /home/vagrant/Code/task/node_modules/laravel-elixir/node_modules/gulp-sass/node_modules/.bin/node-sass
20 verbose stack Error: EPERM, unlink '/home/vagrant/Code/task/node_modules/laravel-elixir/node_modules/gulp-sass/node_modules/.bin/node-sass'
20 verbose stack     at Error (native)
21 verbose cwd /home/vagrant/Code/task
22 error Linux 3.16.0-23-generic
23 error argv "/usr/bin/node" "/usr/bin/npm" "rebuild" "node-sass"
24 error node v0.12.2
25 error npm  v2.7.4
26 error path /home/vagrant/Code/task/node_modules/laravel-elixir/node_modules/gulp-sass/node_modules/.bin/node-sass
27 error code EPERM
28 error errno -1
29 error Error: EPERM, unlink '/home/vagrant/Code/task/node_modules/laravel-elixir/node_modules/gulp-sass/node_modules/.bin/node-sass'
29 error     at Error (native)
29 error  { [Error: EPERM, unlink '/home/vagrant/Code/task/node_modules/laravel-elixir/node_modules/gulp-sass/node_modules/.bin/node-sass']
29 error   errno: -1,
29 error   code: 'EPERM',
29 error   path: '/home/vagrant/Code/task/node_modules/laravel-elixir/node_modules/gulp-sass/node_modules/.bin/node-sass' }
30 error Please try running this command again as root/Administrator.
31 verbose exit [ -1, true ]
